<?xml version="1.0" encoding="UTF-8"?>
<!-- Generated by org.testng.reporters.JUnitReportReporter -->
<testsuite hostname="DESKTOP-USQSCRA" failures="0" tests="1" name="com.ramusoft.automation.appin.businesses.FpTest" time="2.111" errors="0" timestamp="11 May 2022 15:07:14 GMT">
  <testcase classname="com.ramusoft.automation.appin.businesses.FpTest" name="fptest" time="2.111"/>
</testsuite> <!-- com.ramusoft.automation.appin.businesses.FpTest -->
