<?xml version="1.0" encoding="UTF-8"?>
<!-- Generated by org.testng.reporters.JUnitReportReporter -->
<testsuite hostname="DESKTOP-USQSCRA" failures="0" tests="1" name="com.ramusoft.automation.appin.businesses.InstaTest" time="6.812" errors="0" timestamp="2 Jun 2022 12:48:11 GMT">
  <testcase classname="com.ramusoft.automation.appin.businesses.InstaTest" name="insta" time="6.812"/>
</testsuite> <!-- com.ramusoft.automation.appin.businesses.InstaTest -->
