<?xml version="1.0" encoding="UTF-8"?>
<!-- Generated by org.testng.reporters.JUnitReportReporter -->
<testsuite hostname="DESKTOP-USQSCRA" failures="0" tests="1" name="com.ramusoft.automation.appin.businesses.FbTest" time="2.299" errors="0" timestamp="2 Jun 2022 12:48:11 GMT">
  <testcase classname="com.ramusoft.automation.appin.businesses.FbTest" name="fbtest" time="2.299"/>
</testsuite> <!-- com.ramusoft.automation.appin.businesses.FbTest -->
