<?xml version="1.0" encoding="UTF-8"?>
<!-- Generated by org.testng.reporters.JUnitReportReporter -->
<testsuite hostname="DESKTOP-USQSCRA" failures="0" tests="1" name="com.ramusoft.automation.appin.businesses.DatePickerWebtables" time="3.510" errors="0" timestamp="2 Jun 2022 12:49:52 GMT">
  <testcase classname="com.ramusoft.automation.appin.businesses.DatePickerWebtables" name="Webtabledemo" time="3.510"/>
</testsuite> <!-- com.ramusoft.automation.appin.businesses.DatePickerWebtables -->
